-------------------------------------------------------------------------------
Test set: org.overture.ct.ctruntime.tests.CtRandomReductionSlTestCase
-------------------------------------------------------------------------------
Tests run: 9, Failures: 2, Errors: 0, Skipped: 0, Time elapsed: 4.895 sec <<< FAILURE!
test[PaperCaseStudy 1,00%SHAPES_NOVARS](org.overture.ct.ctruntime.tests.CtRandomReductionSlTestCase)  Time elapsed: 0.535 sec  <<< FAILURE!
java.lang.AssertionError: Actual results differs from expected results for test: src\test\resources\random_reduction_sl_specs\PaperCaseStudy.vdmsl
Expected: [Trace name: T1
TraceTest: Number: 1 Test: op2(5) Result: () Verdict: PASSED
TraceTest: Number: 2 Test: op1(2, 4) Result: () Verdict: PASSED
]

Actual: [Trace name: T1
TraceTest: Number: 1 Test: op1(2, 3) Result: () Verdict: PASSED
TraceTest: Number: 2 Test: op2(5) Result: () Verdict: PASSED
]
	at org.junit.Assert.fail(Assert.java:88)
	at org.junit.Assert.assertTrue(Assert.java:41)
	at org.overture.ct.ctruntime.tests.CtTestCaseBase.test(CtTestCaseBase.java:160)
	at sun.reflect.GeneratedMethodAccessor7.invoke(Unknown Source)
	at sun.reflect.DelegatingMethodAccessorImpl.invoke(DelegatingMethodAccessorImpl.java:43)
	at java.lang.reflect.Method.invoke(Method.java:483)
	at org.junit.runners.model.FrameworkMethod$1.runReflectiveCall(FrameworkMethod.java:47)
	at org.junit.internal.runners.model.ReflectiveCallable.run(ReflectiveCallable.java:12)
	at org.junit.runners.model.FrameworkMethod.invokeExplosively(FrameworkMethod.java:44)
	at org.junit.internal.runners.statements.InvokeMethod.evaluate(InvokeMethod.java:17)
	at org.junit.internal.runners.statements.RunBefores.evaluate(RunBefores.java:26)
	at org.junit.internal.runners.statements.RunAfters.evaluate(RunAfters.java:27)
	at org.junit.runners.ParentRunner.runLeaf(ParentRunner.java:271)
	at org.junit.runners.BlockJUnit4ClassRunner.runChild(BlockJUnit4ClassRunner.java:70)
	at org.junit.runners.BlockJUnit4ClassRunner.runChild(BlockJUnit4ClassRunner.java:50)
	at org.junit.runners.ParentRunner$3.run(ParentRunner.java:238)
	at org.junit.runners.ParentRunner$1.schedule(ParentRunner.java:63)
	at org.junit.runners.ParentRunner.runChildren(ParentRunner.java:236)
	at org.junit.runners.ParentRunner.access$000(ParentRunner.java:53)
	at org.junit.runners.ParentRunner$2.evaluate(ParentRunner.java:229)
	at org.junit.runners.ParentRunner.run(ParentRunner.java:309)
	at org.junit.runners.Suite.runChild(Suite.java:127)
	at org.junit.runners.Suite.runChild(Suite.java:26)
	at org.junit.runners.ParentRunner$3.run(ParentRunner.java:238)
	at org.junit.runners.ParentRunner$1.schedule(ParentRunner.java:63)
	at org.junit.runners.ParentRunner.runChildren(ParentRunner.java:236)
	at org.junit.runners.ParentRunner.access$000(ParentRunner.java:53)
	at org.junit.runners.ParentRunner$2.evaluate(ParentRunner.java:229)
	at org.junit.runners.ParentRunner.run(ParentRunner.java:309)
	at org.apache.maven.surefire.junit4.JUnit4Provider.execute(JUnit4Provider.java:264)
	at org.apache.maven.surefire.junit4.JUnit4Provider.executeTestSet(JUnit4Provider.java:153)
	at org.apache.maven.surefire.junit4.JUnit4Provider.invoke(JUnit4Provider.java:124)
	at sun.reflect.NativeMethodAccessorImpl.invoke0(Native Method)
	at sun.reflect.NativeMethodAccessorImpl.invoke(NativeMethodAccessorImpl.java:62)
	at sun.reflect.DelegatingMethodAccessorImpl.invoke(DelegatingMethodAccessorImpl.java:43)
	at java.lang.reflect.Method.invoke(Method.java:483)
	at org.apache.maven.surefire.util.ReflectionUtils.invokeMethodWithArray2(ReflectionUtils.java:208)
	at org.apache.maven.surefire.booter.ProviderFactory$ProviderProxy.invoke(ProviderFactory.java:158)
	at org.apache.maven.surefire.booter.ProviderFactory.invokeProvider(ProviderFactory.java:86)
	at org.apache.maven.surefire.booter.ForkedBooter.runSuitesInProcess(ForkedBooter.java:153)
	at org.apache.maven.surefire.booter.ForkedBooter.main(ForkedBooter.java:95)

test[PaperCaseStudy 1,00%SHAPES_VARVALUES](org.overture.ct.ctruntime.tests.CtRandomReductionSlTestCase)  Time elapsed: 0.528 sec  <<< FAILURE!
java.lang.AssertionError: Actual results differs from expected results for test: src\test\resources\random_reduction_sl_specs\PaperCaseStudy.vdmsl
Expected: [Trace name: T1
TraceTest: Number: 1 Test: op1(1, 2) Result: () Verdict: PASSED
TraceTest: Number: 2 Test: op2(3) Result: () Verdict: PASSED
TraceTest: Number: 3 Test: op1(1, 3) Result: () Verdict: PASSED
TraceTest: Number: 4 Test: op2(4) Result: () Verdict: PASSED
TraceTest: Number: 5 Test: op1(2, 1) Result: () Verdict: PASSED
TraceTest: Number: 6 Test: op2(3) Result: () Verdict: PASSED
TraceTest: Number: 7 Test: op1(2, 3) Result: () Verdict: PASSED
TraceTest: Number: 8 Test: op2(5) Result: () Verdict: PASSED
TraceTest: Number: 9 Test: op1(3, 1) Result: () Verdict: PASSED
TraceTest: Number: 10 Test: op2(4) Result: () Verdict: PASSED
TraceTest: Number: 11 Test: op1(3, 2) Result: () Verdict: PASSED
TraceTest: Number: 12 Test: op2(5) Result: () Verdict: PASSED
TraceTest: Number: 13 Test: op1(2, 4) Result: () Verdict: PASSED
TraceTest: Number: 14 Test: op2(6) Result: () Verdict: PASSED
TraceTest: Number: 15 Test: op1(3, 4) Result: () Verdict: PASSED
TraceTest: Number: 16 Test: op2(7) Result: () Verdict: PASSED
TraceTest: Number: 17 Test: op1(4, 2) Result: () Verdict: PASSED
TraceTest: Number: 18 Test: op2(6) Result: () Verdict: PASSED
TraceTest: Number: 19 Test: op1(4, 3) Result: () Verdict: PASSED
TraceTest: Number: 20 Test: op2(7) Result: () Verdict: PASSED
TraceTest: Number: 21 Test: op1(1, 2) Result: () Verdict: PASSED
]

Actual: [Trace name: T1
TraceTest: Number: 1 Test: op1(1, 2) Result: () Verdict: PASSED
TraceTest: Number: 2 Test: op2(3) Result: () Verdict: PASSED
TraceTest: Number: 3 Test: op1(1, 3) Result: () Verdict: PASSED
TraceTest: Number: 4 Test: op2(4) Result: () Verdict: PASSED
TraceTest: Number: 5 Test: op1(2, 1) Result: () Verdict: PASSED
TraceTest: Number: 6 Test: op2(3) Result: () Verdict: PASSED
TraceTest: Number: 7 Test: op2(5) Result: () Verdict: PASSED
TraceTest: Number: 8 Test: op1(3, 1) Result: () Verdict: PASSED
TraceTest: Number: 9 Test: op2(4) Result: () Verdict: PASSED
TraceTest: Number: 10 Test: op1(2, 3) Result: () Verdict: PASSED
TraceTest: Number: 11 Test: op1(2, 4) Result: () Verdict: PASSED
TraceTest: Number: 12 Test: op2(6) Result: () Verdict: PASSED
TraceTest: Number: 13 Test: op1(3, 2) Result: () Verdict: PASSED
TraceTest: Number: 14 Test: op2(5) Result: () Verdict: PASSED
TraceTest: Number: 15 Test: op1(3, 4) Result: () Verdict: PASSED
TraceTest: Number: 16 Test: op2(7) Result: () Verdict: PASSED
TraceTest: Number: 17 Test: op1(4, 2) Result: () Verdict: PASSED
TraceTest: Number: 18 Test: op2(6) Result: () Verdict: PASSED
TraceTest: Number: 19 Test: op1(4, 3) Result: () Verdict: PASSED
TraceTest: Number: 20 Test: op2(7) Result: () Verdict: PASSED
TraceTest: Number: 21 Test: op1(1, 2) Result: () Verdict: PASSED
]
	at org.junit.Assert.fail(Assert.java:88)
	at org.junit.Assert.assertTrue(Assert.java:41)
	at org.overture.ct.ctruntime.tests.CtTestCaseBase.test(CtTestCaseBase.java:160)
	at sun.reflect.GeneratedMethodAccessor7.invoke(Unknown Source)
	at sun.reflect.DelegatingMethodAccessorImpl.invoke(DelegatingMethodAccessorImpl.java:43)
	at java.lang.reflect.Method.invoke(Method.java:483)
	at org.junit.runners.model.FrameworkMethod$1.runReflectiveCall(FrameworkMethod.java:47)
	at org.junit.internal.runners.model.ReflectiveCallable.run(ReflectiveCallable.java:12)
	at org.junit.runners.model.FrameworkMethod.invokeExplosively(FrameworkMethod.java:44)
	at org.junit.internal.runners.statements.InvokeMethod.evaluate(InvokeMethod.java:17)
	at org.junit.internal.runners.statements.RunBefores.evaluate(RunBefores.java:26)
	at org.junit.internal.runners.statements.RunAfters.evaluate(RunAfters.java:27)
	at org.junit.runners.ParentRunner.runLeaf(ParentRunner.java:271)
	at org.junit.runners.BlockJUnit4ClassRunner.runChild(BlockJUnit4ClassRunner.java:70)
	at org.junit.runners.BlockJUnit4ClassRunner.runChild(BlockJUnit4ClassRunner.java:50)
	at org.junit.runners.ParentRunner$3.run(ParentRunner.java:238)
	at org.junit.runners.ParentRunner$1.schedule(ParentRunner.java:63)
	at org.junit.runners.ParentRunner.runChildren(ParentRunner.java:236)
	at org.junit.runners.ParentRunner.access$000(ParentRunner.java:53)
	at org.junit.runners.ParentRunner$2.evaluate(ParentRunner.java:229)
	at org.junit.runners.ParentRunner.run(ParentRunner.java:309)
	at org.junit.runners.Suite.runChild(Suite.java:127)
	at org.junit.runners.Suite.runChild(Suite.java:26)
	at org.junit.runners.ParentRunner$3.run(ParentRunner.java:238)
	at org.junit.runners.ParentRunner$1.schedule(ParentRunner.java:63)
	at org.junit.runners.ParentRunner.runChildren(ParentRunner.java:236)
	at org.junit.runners.ParentRunner.access$000(ParentRunner.java:53)
	at org.junit.runners.ParentRunner$2.evaluate(ParentRunner.java:229)
	at org.junit.runners.ParentRunner.run(ParentRunner.java:309)
	at org.apache.maven.surefire.junit4.JUnit4Provider.execute(JUnit4Provider.java:264)
	at org.apache.maven.surefire.junit4.JUnit4Provider.executeTestSet(JUnit4Provider.java:153)
	at org.apache.maven.surefire.junit4.JUnit4Provider.invoke(JUnit4Provider.java:124)
	at sun.reflect.NativeMethodAccessorImpl.invoke0(Native Method)
	at sun.reflect.NativeMethodAccessorImpl.invoke(NativeMethodAccessorImpl.java:62)
	at sun.reflect.DelegatingMethodAccessorImpl.invoke(DelegatingMethodAccessorImpl.java:43)
	at java.lang.reflect.Method.invoke(Method.java:483)
	at org.apache.maven.surefire.util.ReflectionUtils.invokeMethodWithArray2(ReflectionUtils.java:208)
	at org.apache.maven.surefire.booter.ProviderFactory$ProviderProxy.invoke(ProviderFactory.java:158)
	at org.apache.maven.surefire.booter.ProviderFactory.invokeProvider(ProviderFactory.java:86)
	at org.apache.maven.surefire.booter.ForkedBooter.runSuitesInProcess(ForkedBooter.java:153)
	at org.apache.maven.surefire.booter.ForkedBooter.main(ForkedBooter.java:95)

