<?xml version="1.0" encoding="UTF-8" ?>
<testsuite tests="9" failures="2" name="org.overture.ct.ctruntime.tests.CtRandomReductionSlTestCase" time="4.859" errors="0" skipped="0">
  <properties>
    <property name="java.runtime.name" value="Java(TM) SE Runtime Environment"/>
    <property name="sun.boot.library.path" value="c:\Program Files\Java\jdk1.8.0_20\jre\bin"/>
    <property name="java.vm.version" value="25.20-b23"/>
    <property name="java.vm.vendor" value="Oracle Corporation"/>
    <property name="maven.multiModuleProjectDirectory" value="c:/Users/Jpereira/overtureRep"/>
    <property name="java.vendor.url" value="http://java.oracle.com/"/>
    <property name="path.separator" value=";"/>
    <property name="guice.disable.misplaced.annotation.check" value="true"/>
    <property name="java.vm.name" value="Java HotSpot(TM) 64-Bit Server VM"/>
    <property name="file.encoding.pkg" value="sun.io"/>
    <property name="user.script" value=""/>
    <property name="user.country" value="PT"/>
    <property name="sun.java.launcher" value="SUN_STANDARD"/>
    <property name="sun.os.patch.level" value="Service Pack 1"/>
    <property name="java.vm.specification.name" value="Java Virtual Machine Specification"/>
    <property name="user.dir" value="c:\Users\Jpereira\overtureRep"/>
    <property name="java.runtime.version" value="1.8.0_20-b26"/>
    <property name="java.awt.graphicsenv" value="sun.awt.Win32GraphicsEnvironment"/>
    <property name="java.endorsed.dirs" value="c:\Program Files\Java\jdk1.8.0_20\jre\lib\endorsed"/>
    <property name="os.arch" value="amd64"/>
    <property name="java.io.tmpdir" value="C:\Users\Jpereira\AppData\Local\Temp\"/>
    <property name="line.separator" value="
"/>
    <property name="java.vm.specification.vendor" value="Oracle Corporation"/>
    <property name="user.variant" value=""/>
    <property name="os.name" value="Windows 7"/>
    <property name="classworlds.conf" value="c:/apache-maven-3.3.1/bin/m2.conf"/>
    <property name="sun.jnu.encoding" value="Cp1252"/>
    <property name="java.library.path" value="c:\Program Files\Java\jdk1.8.0_20\bin;C:\Windows\Sun\Java\bin;C:\Windows\system32;C:\Windows;c:\Users\Jpereira\bin;.;C:\Program Files (x86)\Git\local\bin;C:\Program Files (x86)\Git\mingw\bin;C:\Program Files (x86)\Git\bin;C:\Program Files (x86)\Git\bin;c:\Program Files\ImageMagick-6.9.0-Q8;c:\Program Files\ImageMagick-6.9.0-Q16;c:\Program Files\Haskell\bin;c:\Program Files\Haskell Platform\2014.2.0.0\lib\extralibs\bin;c:\Program Files\Haskell Platform\2014.2.0.0\bin;c:\ProgramData\Oracle\Java\javapath;c:\Windows\system32;c:\Windows;c:\Windows\System32\Wbem;c:\Windows\System32\WindowsPowerShell\v1.0\;c:\Program Files (x86)\Intel\OpenCL SDK\2.0\bin\x86;c:\Program Files (x86)\Intel\OpenCL SDK\2.0\bin\x64;c:\Program Files\Java\jdk1.8.0_20\bin;c:\Program Files\Haskell Platform\2014.2.0.0\mingw\bin;c:\Python34;c:\Python34\Scripts;c:\Strawberry\c\bin;c:\Strawberry\perl\site\bin;c:\Strawberry\perl\bin;c:\Program Files\MiKTeX 2.9\miktex\bin\x64\;c:\apache-maven-3.3.1\bin;c:\Users\Jpereira\AppData\Roaming\cabal\bin;c:\opencv\build\java\x64\;c:\apache-maven-3.2.5\bin;."/>
    <property name="java.specification.name" value="Java Platform API Specification"/>
    <property name="java.class.version" value="52.0"/>
    <property name="sun.management.compiler" value="HotSpot 64-Bit Tiered Compilers"/>
    <property name="os.version" value="6.1"/>
    <property name="user.home" value="C:\Users\Jpereira"/>
    <property name="user.timezone" value="Europe/London"/>
    <property name="java.awt.printerjob" value="sun.awt.windows.WPrinterJob"/>
    <property name="java.specification.version" value="1.8"/>
    <property name="file.encoding" value="Cp1252"/>
    <property name="user.name" value="Jpereira"/>
    <property name="java.class.path" value="c:/apache-maven-3.3.1/boot/plexus-classworlds-2.5.2.jar"/>
    <property name="java.vm.specification.version" value="1.8"/>
    <property name="sun.arch.data.model" value="64"/>
    <property name="java.home" value="c:\Program Files\Java\jdk1.8.0_20\jre"/>
    <property name="sun.java.command" value="org.codehaus.plexus.classworlds.launcher.Launcher install"/>
    <property name="java.specification.vendor" value="Oracle Corporation"/>
    <property name="user.language" value="pt"/>
    <property name="awt.toolkit" value="sun.awt.windows.WToolkit"/>
    <property name="java.vm.info" value="mixed mode"/>
    <property name="java.version" value="1.8.0_20"/>
    <property name="java.ext.dirs" value="c:\Program Files\Java\jdk1.8.0_20\jre\lib\ext;C:\Windows\Sun\Java\lib\ext"/>
    <property name="sun.boot.class.path" value="c:\Program Files\Java\jdk1.8.0_20\jre\lib\resources.jar;c:\Program Files\Java\jdk1.8.0_20\jre\lib\rt.jar;c:\Program Files\Java\jdk1.8.0_20\jre\lib\sunrsasign.jar;c:\Program Files\Java\jdk1.8.0_20\jre\lib\jsse.jar;c:\Program Files\Java\jdk1.8.0_20\jre\lib\jce.jar;c:\Program Files\Java\jdk1.8.0_20\jre\lib\charsets.jar;c:\Program Files\Java\jdk1.8.0_20\jre\lib\jfr.jar;c:\Program Files\Java\jdk1.8.0_20\jre\classes"/>
    <property name="sun.stderr.encoding" value="cp850"/>
    <property name="java.vendor" value="Oracle Corporation"/>
    <property name="maven.home" value="c:\apache-maven-3.3.1"/>
    <property name="file.separator" value="\"/>
    <property name="java.vendor.url.bug" value="http://bugreport.sun.com/bugreport/"/>
    <property name="sun.cpu.endian" value="little"/>
    <property name="sun.io.unicode.encoding" value="UnicodeLittle"/>
    <property name="sun.stdout.encoding" value="cp850"/>
    <property name="sun.desktop" value="windows"/>
    <property name="sun.cpu.isalist" value="amd64"/>
  </properties>
  <testcase classname="org.overture.ct.ctruntime.tests.CtRandomReductionSlTestCase" name="test[OpRepeatedTenTimes 15,00%RANDOM]" time="0.522"/>
  <testcase classname="org.overture.ct.ctruntime.tests.CtRandomReductionSlTestCase" name="test[ThreeConcurrentOpCalls 30,00%RANDOM]" time="0.545"/>
  <testcase classname="org.overture.ct.ctruntime.tests.CtRandomReductionSlTestCase" name="test[ThreeAlternativeOpCalls 10,00%RANDOM]" time="0.053"/>
  <testcase classname="org.overture.ct.ctruntime.tests.CtRandomReductionSlTestCase" name="test[SingleOpCall 100,00%RANDOM]" time="0.488"/>
  <testcase classname="org.overture.ct.ctruntime.tests.CtRandomReductionSlTestCase" name="test[FourConcurrentOpCalls 50,00%RANDOM]" time="0.659"/>
  <testcase classname="org.overture.ct.ctruntime.tests.CtRandomReductionSlTestCase" name="test[FiveConcurrentOpCalls 90,00%RANDOM]" time="0.956"/>
  <testcase classname="org.overture.ct.ctruntime.tests.CtRandomReductionSlTestCase" name="test[PaperCaseStudy 1,00%SHAPES_NOVARS]" time="0.535">
    <failure message="Actual results differs from expected results for test: src\test\resources\random_reduction_sl_specs\PaperCaseStudy.vdmsl
Expected: [Trace name: T1
TraceTest: Number: 1 Test: op2(5) Result: () Verdict: PASSED
TraceTest: Number: 2 Test: op1(2, 4) Result: () Verdict: PASSED
]

Actual: [Trace name: T1
TraceTest: Number: 1 Test: op1(2, 3) Result: () Verdict: PASSED
TraceTest: Number: 2 Test: op2(5) Result: () Verdict: PASSED
]" type="java.lang.AssertionError">java.lang.AssertionError: Actual results differs from expected results for test: src\test\resources\random_reduction_sl_specs\PaperCaseStudy.vdmsl
Expected: [Trace name: T1
TraceTest: Number: 1 Test: op2(5) Result: () Verdict: PASSED
TraceTest: Number: 2 Test: op1(2, 4) Result: () Verdict: PASSED
]

Actual: [Trace name: T1
TraceTest: Number: 1 Test: op1(2, 3) Result: () Verdict: PASSED
TraceTest: Number: 2 Test: op2(5) Result: () Verdict: PASSED
]
	at org.junit.Assert.fail(Assert.java:88)
	at org.junit.Assert.assertTrue(Assert.java:41)
	at org.overture.ct.ctruntime.tests.CtTestCaseBase.test(CtTestCaseBase.java:160)
	at sun.reflect.GeneratedMethodAccessor7.invoke(Unknown Source)
	at sun.reflect.DelegatingMethodAccessorImpl.invoke(DelegatingMethodAccessorImpl.java:43)
	at java.lang.reflect.Method.invoke(Method.java:483)
	at org.junit.runners.model.FrameworkMethod$1.runReflectiveCall(FrameworkMethod.java:47)
	at org.junit.internal.runners.model.ReflectiveCallable.run(ReflectiveCallable.java:12)
	at org.junit.runners.model.FrameworkMethod.invokeExplosively(FrameworkMethod.java:44)
	at org.junit.internal.runners.statements.InvokeMethod.evaluate(InvokeMethod.java:17)
	at org.junit.internal.runners.statements.RunBefores.evaluate(RunBefores.java:26)
	at org.junit.internal.runners.statements.RunAfters.evaluate(RunAfters.java:27)
	at org.junit.runners.ParentRunner.runLeaf(ParentRunner.java:271)
	at org.junit.runners.BlockJUnit4ClassRunner.runChild(BlockJUnit4ClassRunner.java:70)
	at org.junit.runners.BlockJUnit4ClassRunner.runChild(BlockJUnit4ClassRunner.java:50)
	at org.junit.runners.ParentRunner$3.run(ParentRunner.java:238)
	at org.junit.runners.ParentRunner$1.schedule(ParentRunner.java:63)
	at org.junit.runners.ParentRunner.runChildren(ParentRunner.java:236)
	at org.junit.runners.ParentRunner.access$000(ParentRunner.java:53)
	at org.junit.runners.ParentRunner$2.evaluate(ParentRunner.java:229)
	at org.junit.runners.ParentRunner.run(ParentRunner.java:309)
	at org.junit.runners.Suite.runChild(Suite.java:127)
	at org.junit.runners.Suite.runChild(Suite.java:26)
	at org.junit.runners.ParentRunner$3.run(ParentRunner.java:238)
	at org.junit.runners.ParentRunner$1.schedule(ParentRunner.java:63)
	at org.junit.runners.ParentRunner.runChildren(ParentRunner.java:236)
	at org.junit.runners.ParentRunner.access$000(ParentRunner.java:53)
	at org.junit.runners.ParentRunner$2.evaluate(ParentRunner.java:229)
	at org.junit.runners.ParentRunner.run(ParentRunner.java:309)
	at org.apache.maven.surefire.junit4.JUnit4Provider.execute(JUnit4Provider.java:264)
	at org.apache.maven.surefire.junit4.JUnit4Provider.executeTestSet(JUnit4Provider.java:153)
	at org.apache.maven.surefire.junit4.JUnit4Provider.invoke(JUnit4Provider.java:124)
	at sun.reflect.NativeMethodAccessorImpl.invoke0(Native Method)
	at sun.reflect.NativeMethodAccessorImpl.invoke(NativeMethodAccessorImpl.java:62)
	at sun.reflect.DelegatingMethodAccessorImpl.invoke(DelegatingMethodAccessorImpl.java:43)
	at java.lang.reflect.Method.invoke(Method.java:483)
	at org.apache.maven.surefire.util.ReflectionUtils.invokeMethodWithArray2(ReflectionUtils.java:208)
	at org.apache.maven.surefire.booter.ProviderFactory$ProviderProxy.invoke(ProviderFactory.java:158)
	at org.apache.maven.surefire.booter.ProviderFactory.invokeProvider(ProviderFactory.java:86)
	at org.apache.maven.surefire.booter.ForkedBooter.runSuitesInProcess(ForkedBooter.java:153)
	at org.apache.maven.surefire.booter.ForkedBooter.main(ForkedBooter.java:95)
</failure>
  </testcase>
  <testcase classname="org.overture.ct.ctruntime.tests.CtRandomReductionSlTestCase" name="test[PaperCaseStudy 1,00%SHAPES_VARNAMES]" time="0.573"/>
  <testcase classname="org.overture.ct.ctruntime.tests.CtRandomReductionSlTestCase" name="test[PaperCaseStudy 1,00%SHAPES_VARVALUES]" time="0.528">
    <failure message="Actual results differs from expected results for test: src\test\resources\random_reduction_sl_specs\PaperCaseStudy.vdmsl
Expected: [Trace name: T1
TraceTest: Number: 1 Test: op1(1, 2) Result: () Verdict: PASSED
TraceTest: Number: 2 Test: op2(3) Result: () Verdict: PASSED
TraceTest: Number: 3 Test: op1(1, 3) Result: () Verdict: PASSED
TraceTest: Number: 4 Test: op2(4) Result: () Verdict: PASSED
TraceTest: Number: 5 Test: op1(2, 1) Result: () Verdict: PASSED
TraceTest: Number: 6 Test: op2(3) Result: () Verdict: PASSED
TraceTest: Number: 7 Test: op1(2, 3) Result: () Verdict: PASSED
TraceTest: Number: 8 Test: op2(5) Result: () Verdict: PASSED
TraceTest: Number: 9 Test: op1(3, 1) Result: () Verdict: PASSED
TraceTest: Number: 10 Test: op2(4) Result: () Verdict: PASSED
TraceTest: Number: 11 Test: op1(3, 2) Result: () Verdict: PASSED
TraceTest: Number: 12 Test: op2(5) Result: () Verdict: PASSED
TraceTest: Number: 13 Test: op1(2, 4) Result: () Verdict: PASSED
TraceTest: Number: 14 Test: op2(6) Result: () Verdict: PASSED
TraceTest: Number: 15 Test: op1(3, 4) Result: () Verdict: PASSED
TraceTest: Number: 16 Test: op2(7) Result: () Verdict: PASSED
TraceTest: Number: 17 Test: op1(4, 2) Result: () Verdict: PASSED
TraceTest: Number: 18 Test: op2(6) Result: () Verdict: PASSED
TraceTest: Number: 19 Test: op1(4, 3) Result: () Verdict: PASSED
TraceTest: Number: 20 Test: op2(7) Result: () Verdict: PASSED
TraceTest: Number: 21 Test: op1(1, 2) Result: () Verdict: PASSED
]

Actual: [Trace name: T1
TraceTest: Number: 1 Test: op1(1, 2) Result: () Verdict: PASSED
TraceTest: Number: 2 Test: op2(3) Result: () Verdict: PASSED
TraceTest: Number: 3 Test: op1(1, 3) Result: () Verdict: PASSED
TraceTest: Number: 4 Test: op2(4) Result: () Verdict: PASSED
TraceTest: Number: 5 Test: op1(2, 1) Result: () Verdict: PASSED
TraceTest: Number: 6 Test: op2(3) Result: () Verdict: PASSED
TraceTest: Number: 7 Test: op2(5) Result: () Verdict: PASSED
TraceTest: Number: 8 Test: op1(3, 1) Result: () Verdict: PASSED
TraceTest: Number: 9 Test: op2(4) Result: () Verdict: PASSED
TraceTest: Number: 10 Test: op1(2, 3) Result: () Verdict: PASSED
TraceTest: Number: 11 Test: op1(2, 4) Result: () Verdict: PASSED
TraceTest: Number: 12 Test: op2(6) Result: () Verdict: PASSED
TraceTest: Number: 13 Test: op1(3, 2) Result: () Verdict: PASSED
TraceTest: Number: 14 Test: op2(5) Result: () Verdict: PASSED
TraceTest: Number: 15 Test: op1(3, 4) Result: () Verdict: PASSED
TraceTest: Number: 16 Test: op2(7) Result: () Verdict: PASSED
TraceTest: Number: 17 Test: op1(4, 2) Result: () Verdict: PASSED
TraceTest: Number: 18 Test: op2(6) Result: () Verdict: PASSED
TraceTest: Number: 19 Test: op1(4, 3) Result: () Verdict: PASSED
TraceTest: Number: 20 Test: op2(7) Result: () Verdict: PASSED
TraceTest: Number: 21 Test: op1(1, 2) Result: () Verdict: PASSED
]" type="java.lang.AssertionError">java.lang.AssertionError: Actual results differs from expected results for test: src\test\resources\random_reduction_sl_specs\PaperCaseStudy.vdmsl
Expected: [Trace name: T1
TraceTest: Number: 1 Test: op1(1, 2) Result: () Verdict: PASSED
TraceTest: Number: 2 Test: op2(3) Result: () Verdict: PASSED
TraceTest: Number: 3 Test: op1(1, 3) Result: () Verdict: PASSED
TraceTest: Number: 4 Test: op2(4) Result: () Verdict: PASSED
TraceTest: Number: 5 Test: op1(2, 1) Result: () Verdict: PASSED
TraceTest: Number: 6 Test: op2(3) Result: () Verdict: PASSED
TraceTest: Number: 7 Test: op1(2, 3) Result: () Verdict: PASSED
TraceTest: Number: 8 Test: op2(5) Result: () Verdict: PASSED
TraceTest: Number: 9 Test: op1(3, 1) Result: () Verdict: PASSED
TraceTest: Number: 10 Test: op2(4) Result: () Verdict: PASSED
TraceTest: Number: 11 Test: op1(3, 2) Result: () Verdict: PASSED
TraceTest: Number: 12 Test: op2(5) Result: () Verdict: PASSED
TraceTest: Number: 13 Test: op1(2, 4) Result: () Verdict: PASSED
TraceTest: Number: 14 Test: op2(6) Result: () Verdict: PASSED
TraceTest: Number: 15 Test: op1(3, 4) Result: () Verdict: PASSED
TraceTest: Number: 16 Test: op2(7) Result: () Verdict: PASSED
TraceTest: Number: 17 Test: op1(4, 2) Result: () Verdict: PASSED
TraceTest: Number: 18 Test: op2(6) Result: () Verdict: PASSED
TraceTest: Number: 19 Test: op1(4, 3) Result: () Verdict: PASSED
TraceTest: Number: 20 Test: op2(7) Result: () Verdict: PASSED
TraceTest: Number: 21 Test: op1(1, 2) Result: () Verdict: PASSED
]

Actual: [Trace name: T1
TraceTest: Number: 1 Test: op1(1, 2) Result: () Verdict: PASSED
TraceTest: Number: 2 Test: op2(3) Result: () Verdict: PASSED
TraceTest: Number: 3 Test: op1(1, 3) Result: () Verdict: PASSED
TraceTest: Number: 4 Test: op2(4) Result: () Verdict: PASSED
TraceTest: Number: 5 Test: op1(2, 1) Result: () Verdict: PASSED
TraceTest: Number: 6 Test: op2(3) Result: () Verdict: PASSED
TraceTest: Number: 7 Test: op2(5) Result: () Verdict: PASSED
TraceTest: Number: 8 Test: op1(3, 1) Result: () Verdict: PASSED
TraceTest: Number: 9 Test: op2(4) Result: () Verdict: PASSED
TraceTest: Number: 10 Test: op1(2, 3) Result: () Verdict: PASSED
TraceTest: Number: 11 Test: op1(2, 4) Result: () Verdict: PASSED
TraceTest: Number: 12 Test: op2(6) Result: () Verdict: PASSED
TraceTest: Number: 13 Test: op1(3, 2) Result: () Verdict: PASSED
TraceTest: Number: 14 Test: op2(5) Result: () Verdict: PASSED
TraceTest: Number: 15 Test: op1(3, 4) Result: () Verdict: PASSED
TraceTest: Number: 16 Test: op2(7) Result: () Verdict: PASSED
TraceTest: Number: 17 Test: op1(4, 2) Result: () Verdict: PASSED
TraceTest: Number: 18 Test: op2(6) Result: () Verdict: PASSED
TraceTest: Number: 19 Test: op1(4, 3) Result: () Verdict: PASSED
TraceTest: Number: 20 Test: op2(7) Result: () Verdict: PASSED
TraceTest: Number: 21 Test: op1(1, 2) Result: () Verdict: PASSED
]
	at org.junit.Assert.fail(Assert.java:88)
	at org.junit.Assert.assertTrue(Assert.java:41)
	at org.overture.ct.ctruntime.tests.CtTestCaseBase.test(CtTestCaseBase.java:160)
	at sun.reflect.GeneratedMethodAccessor7.invoke(Unknown Source)
	at sun.reflect.DelegatingMethodAccessorImpl.invoke(DelegatingMethodAccessorImpl.java:43)
	at java.lang.reflect.Method.invoke(Method.java:483)
	at org.junit.runners.model.FrameworkMethod$1.runReflectiveCall(FrameworkMethod.java:47)
	at org.junit.internal.runners.model.ReflectiveCallable.run(ReflectiveCallable.java:12)
	at org.junit.runners.model.FrameworkMethod.invokeExplosively(FrameworkMethod.java:44)
	at org.junit.internal.runners.statements.InvokeMethod.evaluate(InvokeMethod.java:17)
	at org.junit.internal.runners.statements.RunBefores.evaluate(RunBefores.java:26)
	at org.junit.internal.runners.statements.RunAfters.evaluate(RunAfters.java:27)
	at org.junit.runners.ParentRunner.runLeaf(ParentRunner.java:271)
	at org.junit.runners.BlockJUnit4ClassRunner.runChild(BlockJUnit4ClassRunner.java:70)
	at org.junit.runners.BlockJUnit4ClassRunner.runChild(BlockJUnit4ClassRunner.java:50)
	at org.junit.runners.ParentRunner$3.run(ParentRunner.java:238)
	at org.junit.runners.ParentRunner$1.schedule(ParentRunner.java:63)
	at org.junit.runners.ParentRunner.runChildren(ParentRunner.java:236)
	at org.junit.runners.ParentRunner.access$000(ParentRunner.java:53)
	at org.junit.runners.ParentRunner$2.evaluate(ParentRunner.java:229)
	at org.junit.runners.ParentRunner.run(ParentRunner.java:309)
	at org.junit.runners.Suite.runChild(Suite.java:127)
	at org.junit.runners.Suite.runChild(Suite.java:26)
	at org.junit.runners.ParentRunner$3.run(ParentRunner.java:238)
	at org.junit.runners.ParentRunner$1.schedule(ParentRunner.java:63)
	at org.junit.runners.ParentRunner.runChildren(ParentRunner.java:236)
	at org.junit.runners.ParentRunner.access$000(ParentRunner.java:53)
	at org.junit.runners.ParentRunner$2.evaluate(ParentRunner.java:229)
	at org.junit.runners.ParentRunner.run(ParentRunner.java:309)
	at org.apache.maven.surefire.junit4.JUnit4Provider.execute(JUnit4Provider.java:264)
	at org.apache.maven.surefire.junit4.JUnit4Provider.executeTestSet(JUnit4Provider.java:153)
	at org.apache.maven.surefire.junit4.JUnit4Provider.invoke(JUnit4Provider.java:124)
	at sun.reflect.NativeMethodAccessorImpl.invoke0(Native Method)
	at sun.reflect.NativeMethodAccessorImpl.invoke(NativeMethodAccessorImpl.java:62)
	at sun.reflect.DelegatingMethodAccessorImpl.invoke(DelegatingMethodAccessorImpl.java:43)
	at java.lang.reflect.Method.invoke(Method.java:483)
	at org.apache.maven.surefire.util.ReflectionUtils.invokeMethodWithArray2(ReflectionUtils.java:208)
	at org.apache.maven.surefire.booter.ProviderFactory$ProviderProxy.invoke(ProviderFactory.java:158)
	at org.apache.maven.surefire.booter.ProviderFactory.invokeProvider(ProviderFactory.java:86)
	at org.apache.maven.surefire.booter.ForkedBooter.runSuitesInProcess(ForkedBooter.java:153)
	at org.apache.maven.surefire.booter.ForkedBooter.main(ForkedBooter.java:95)
</failure>
  </testcase>
</testsuite>